Arguments: 
  /Users/syj/.nvm/versions/node/v10.11.0/bin/node /Users/syj/.nvm/versions/node/v10.11.0/bin/yarn add @tarojs/rnap4wx/lib/patchs/eflow/wrapComponent --silent --no-progress

PATH: 
  /Users/syj/.pyenv/shims:/Users/syj/.pyenv/bin:/Users/syj/.nvm/versions/node/v10.11.0/bin:/usr/local/bin:/usr/bin:/bin:/usr/sbin:/sbin:/Library/Frameworks/Mono.framework/Versions/Current/Commands:/Users/syj/Library/Android/sdk/tools:/Users/syj/Library/Android/sdk/platform-tools

Yarn version: 
  1.12.3

Node version: 
  10.11.0

Platform: 
  darwin x64

Trace: 
  Error: https://github.com/expo/react-native-maps: socket hang up
      at createHangUpError (_http_client.js:322:15)
      at TLSSocket.socketOnEnd (_http_client.js:425:23)
      at TLSSocket.emit (events.js:187:15)
      at endReadableNT (_stream_readable.js:1092:12)
      at process._tickCallback (internal/process/next_tick.js:63:19)

npm manifest: 
  {
    "main": "node_modules/expo/AppEntry.js",
    "scripts": {
      "start": "expo start",
      "android": "expo start --android",
      "ios": "expo start --ios",
      "eject": "expo eject"
    },
    "dependencies": {
      "@tarojs/plugin-babel": "^1.2.0-beta.12",
      "@tarojs/taro-weapp": "^1.2.0-beta.12",
      "crypto-js": "^3.1.9-1",
      "expo": "^31.0.2",
      "react": "16.5.0",
      "react-eflow": "^1.2.8",
      "react-native": "https://github.com/expo/react-native/archive/sdk-31.0.0.tar.gz"
    },
    "devDependencies": {
      "babel-plugin-transform-decorators-legacy": "^1.3.5",
      "babel-preset-env": "^1.7.0",
      "babel-preset-expo": "^5.0.0",
      "typescript": "^3.2.4"
    },
    "private": true
  }

yarn manifest: 
  No manifest

Lockfile: 
  No lockfile
